<?xml version="1.0" encoding="UTF-8"?>
<testsuite name="com.RuleRepositoryTest" tests="1" skipped="0" failures="0" errors="0" timestamp="2016-02-03T06:24:49" hostname="INnnisha.local" time="0.008">
  <properties/>
  <testcase name="shouldFindAllRules" classname="com.RuleRepositoryTest" time="0.008"/>
  <system-out><![CDATA[]]></system-out>
  <system-err><![CDATA[]]></system-err>
</testsuite>
