<?xml version="1.0" encoding="UTF-8"?>
<testsuite name="com.RuleEngineTest" tests="1" skipped="0" failures="0" errors="0" timestamp="2016-02-03T06:24:49" hostname="INnnisha.local" time="0.077">
  <properties/>
  <testcase name="shouldSaveGivenRule" classname="com.RuleEngineTest" time="0.077"/>
  <system-out><![CDATA[]]></system-out>
  <system-err><![CDATA[SLF4J: Failed to load class "org.slf4j.impl.StaticLoggerBinder".
SLF4J: Defaulting to no-operation (NOP) logger implementation
SLF4J: See http://www.slf4j.org/codes.html#StaticLoggerBinder for further details.
]]></system-err>
</testsuite>
